2023.09.23 12:29:17 INFO  Started: Metals version 1.0.1 in folders '/home/daniil/study/folder_reader' for client Visual Studio Code 1.79.2.[0m
Sep 23, 2023 12:29:17 PM org.flywaydb.core.internal.license.VersionPrinter printVersionOnly
INFO: Flyway Community Edition 9.21.2 by Redgate
Sep 23, 2023 12:29:17 PM org.flywaydb.core.internal.license.VersionPrinter printVersion
INFO: See release notes here: https://rd.gt/416ObMi
Sep 23, 2023 12:29:17 PM org.flywaydb.core.internal.license.VersionPrinter printVersion
INFO: 
Sep 23, 2023 12:29:18 PM org.flywaydb.core.FlywayExecutor execute
INFO: Database: jdbc:h2:file:/home/daniil/study/folder_reader/.metals/metals (H2 2.1)
Sep 23, 2023 12:29:18 PM org.flywaydb.core.internal.schemahistory.JdbcTableSchemaHistory allAppliedMigrations
INFO: Schema history table "PUBLIC"."flyway_schema_history" does not exist yet
Sep 23, 2023 12:29:18 PM org.flywaydb.core.internal.command.DbValidate validate
INFO: Successfully validated 4 migrations (execution time 00:00.025s)
Sep 23, 2023 12:29:18 PM org.flywaydb.core.internal.schemahistory.JdbcTableSchemaHistory create
INFO: Creating Schema History table "PUBLIC"."flyway_schema_history" ...
Sep 23, 2023 12:29:18 PM org.flywaydb.core.internal.command.DbMigrate migrateGroup
INFO: Current version of schema "PUBLIC": << Empty Schema >>
Sep 23, 2023 12:29:18 PM org.flywaydb.core.internal.command.DbMigrate doMigrateGroup
INFO: Migrating schema "PUBLIC" to version "1 - Create tables"
Sep 23, 2023 12:29:18 PM org.flywaydb.core.internal.command.DbMigrate doMigrateGroup
INFO: Migrating schema "PUBLIC" to version "2 - Server discovery"
Sep 23, 2023 12:29:18 PM org.flywaydb.core.internal.command.DbMigrate doMigrateGroup
INFO: Migrating schema "PUBLIC" to version "3 - Jar symbols"
Sep 23, 2023 12:29:18 PM org.flywaydb.core.internal.command.DbMigrate doMigrateGroup
INFO: Migrating schema "PUBLIC" to version "4 - Fingerprints"
Sep 23, 2023 12:29:18 PM org.flywaydb.core.internal.command.DbMigrate logSummary
INFO: Successfully applied 4 migrations to schema "PUBLIC", now at version v4 (execution time 00:00.039s)
2023.09.23 12:29:18 INFO  time: initialize in 0.84s[0m
2023.09.23 12:29:20 WARN  Build server is not auto-connectable.[0m
2023.09.23 12:29:20 WARN  no build target for: /home/daniil/study/folder_reader/src/main/scala/Main.scala[0m
2023.09.23 12:29:23 INFO  no build target found for /home/daniil/study/folder_reader/src/main/scala/Main.scala. Using presentation compiler with project's scala-library version: 3.3.0[0m
Sep 23, 2023 12:29:23 PM org.eclipse.lsp4j.jsonrpc.RemoteEndpoint handleCancellation
WARNING: Unmatched cancel notification for request id 6
2023.09.23 12:29:25 INFO  time: code lens generation in 1.68s[0m
2023.09.23 12:29:25 INFO  time: code lens generation in 1.72s[0m
2023.09.23 12:29:25 INFO  time: code lens generation in 1.71s[0m
2023.09.23 12:29:25 WARN  no build target for: /home/daniil/study/folder_reader/src/main/scala/Main.scala[0m
